
kdebug:Search path for cnf files (from compile-time paths.h)
kdebug:  = /usr/local/texlive/2025/bin/x86_64-linux:/usr/local/texlive/2025/bin/x86_64-linux/share/texmf-local/web2c:/usr/local/texlive/2025/bin/x86_64-linux/share/texmf-dist/web2c:/usr/local/texlive/2025/bin/x86_64-linux/share/texmf/web2c:/usr/local/texlive/2025/bin/x86_64-linux/texmf-local/web2c:/usr/local/texlive/2025/bin/x86_64-linux/texmf-dist/web2c:/usr/local/texlive/2025/bin/x86_64-linux/texmf/web2c:/usr/local/texlive/2025/bin:/usr/local/texlive/2025/bin/share/texmf-local/web2c:/usr/local/texlive/2025/bin/share/texmf-dist/web2c:/usr/local/texlive/2025/bin/share/texmf/web2c:/usr/local/texlive/2025/bin/texmf-local/web2c:/usr/local/texlive/2025/bin/texmf-dist/web2c:/usr/local/texlive/2025/bin/texmf/web2c:/usr/local/texlive/texmf-local/web2c:/usr/local/texlive/2025:/usr/local/texlive/2025/share/texmf-local/web2c:/usr/local/texlive/2025/share/texmf-dist/web2c:/usr/local/texlive/2025/share/texmf/web2c:/usr/local/texlive/2025/texmf-local/web2c:/usr/local/texlive/2025/texmf-dist/web2c:/usr/local/texlive/2025/texmf/web2c
kdebug:  before expansion = {$SELFAUTOLOC,$SELFAUTOLOC/share/texmf-local/web2c,$SELFAUTOLOC/share/texmf-dist/web2c,$SELFAUTOLOC/share/texmf/web2c,$SELFAUTOLOC/texmf-local/web2c,$SELFAUTOLOC/texmf-dist/web2c,$SELFAUTOLOC/texmf/web2c,$SELFAUTODIR,$SELFAUTODIR/share/texmf-local/web2c,$SELFAUTODIR/share/texmf-dist/web2c,$SELFAUTODIR/share/texmf/web2c,$SELFAUTODIR/texmf-local/web2c,$SELFAUTODIR/texmf-dist/web2c,$SELFAUTODIR/texmf/web2c,$SELFAUTOGRANDPARENT/texmf-local/web2c,$SELFAUTOPARENT,$SELFAUTOPARENT/share/texmf-local/web2c,$SELFAUTOPARENT/share/texmf-dist/web2c,$SELFAUTOPARENT/share/texmf/web2c,$SELFAUTOPARENT/texmf-local/web2c,$SELFAUTOPARENT/texmf-dist/web2c,$SELFAUTOPARENT/texmf/web2c}
kdebug:  application override path = (none)
kdebug:  application config file path = (none)
kdebug:  texmf.cnf path = (none)
kdebug:  compile-time path = {$SELFAUTOLOC,$SELFAUTOLOC/share/texmf-local/web2c,$SELFAUTOLOC/share/texmf-dist/web2c,$SELFAUTOLOC/share/texmf/web2c,$SELFAUTOLOC/texmf-local/web2c,$SELFAUTOLOC/texmf-dist/web2c,$SELFAUTOLOC/texmf/web2c,$SELFAUTODIR,$SELFAUTODIR/share/texmf-local/web2c,$SELFAUTODIR/share/texmf-dist/web2c,$SELFAUTODIR/share/texmf/web2c,$SELFAUTODIR/texmf-local/web2c,$SELFAUTODIR/texmf-dist/web2c,$SELFAUTODIR/texmf/web2c,$SELFAUTOGRANDPARENT/texmf-local/web2c,$SELFAUTOPARENT,$SELFAUTOPARENT/share/texmf-local/web2c,$SELFAUTOPARENT/share/texmf-dist/web2c,$SELFAUTOPARENT/share/texmf/web2c,$SELFAUTOPARENT/texmf-local/web2c,$SELFAUTOPARENT/texmf-dist/web2c,$SELFAUTOPARENT/texmf/web2c}
kdebug:  environment variables = TEXMFCNF
kdebug:  default suffixes = .cnf
kdebug:  other suffixes = (none)
kdebug:  search only with suffix = 0
kdebug:  runtime generation program = (none)
kdebug:  runtime generation command = (none)
kdebug:  program enabled = 0
kdebug:  program enable level = 0
kdebug:  open files in binary mode = 0
kdebug:  numeric format value = 8
kdebug:fopen(/usr/local/texlive/2025/texmf.cnf, r) => 0x4183c80
kdebug:fclose(0x4183c80) => 0
kdebug:fopen(/usr/local/texlive/2025/texmf-dist/web2c/texmf.cnf, r) => 0x4183c80
kdebug:fclose(0x4183c80) => 0
kdebug:Search path for ls-R files (from texmf.cnf)
kdebug:  = /usr/local/texlive/texmf-local:/usr/local/texlive/2025/texmf-config:/usr/local/texlive/2025/texmf-var:/usr/local/texlive/2025/texmf-dist
kdebug:  before expansion = {!!$TEXMFLOCAL,!!$TEXMFSYSCONFIG,!!$TEXMFSYSVAR,!!$TEXMFDIST}
kdebug:  application override path = (none)
kdebug:  application config file path = (none)
kdebug:  texmf.cnf path = {!!$TEXMFLOCAL,!!$TEXMFSYSCONFIG,!!$TEXMFSYSVAR,!!$TEXMFDIST}
kdebug:  compile-time path = /nonesuch
kdebug:  environment variables = TEXMFDBS
kdebug:  default suffixes = ls-R ls-r
kdebug:  other suffixes = (none)
kdebug:  search only with suffix = 0
kdebug:  runtime generation program = (none)
kdebug:  runtime generation command = (none)
kdebug:  program enabled = 0
kdebug:  program enable level = 0
kdebug:  open files in binary mode = 0
kdebug:  numeric format value = 9
kdebug:fopen(/usr/local/texlive/2025/texmf-config/ls-R, r) => 0x4183c80
kdebug:fclose(0x4183c80) => 0
kdebug:fopen(/usr/local/texlive/2025/texmf-var/ls-R, r) => 0x4183c80
kdebug:fclose(0x4183c80) => 0
kdebug:fopen(/usr/local/texlive/2025/texmf-dist/ls-R, r) => 0x4183c80
kdebug:fclose(0x4183c80) => 0
kdebug:Search path for tex files (from TEXINPUTS environment variable)
kdebug:  = .:/home/stinney/.texlive2025/texmf-config/tex/oracctex//:/home/stinney/.texlive2025/texmf-var/tex/oracctex//:/home/stinney/texmf/tex/oracctex//:!!/usr/local/texlive/texmf-local/tex/oracctex//:!!/usr/local/texlive/2025/texmf-config/tex/oracctex//:!!/usr/local/texlive/2025/texmf-var/tex/oracctex//:!!/usr/local/texlive/2025/texmf-dist/tex/oracctex//:/home/stinney/.texlive2025/texmf-config/tex/generic//:/home/stinney/.texlive2025/texmf-var/tex/generic//:/home/stinney/texmf/tex/generic//:!!/usr/local/texlive/texmf-local/tex/generic//:!!/usr/local/texlive/2025/texmf-config/tex/generic//:!!/usr/local/texlive/2025/texmf-var/tex/generic//:!!/usr/local/texlive/2025/texmf-dist/tex/generic//:/home/stinney/.texlive2025/texmf-config/tex/latex//:/home/stinney/.texlive2025/texmf-var/tex/latex//:/home/stinney/texmf/tex/latex//:!!/usr/local/texlive/texmf-local/tex/latex//:!!/usr/local/texlive/2025/texmf-config/tex/latex//:!!/usr/local/texlive/2025/texmf-var/tex/latex//:!!/usr/local/texlive/2025/texmf-dist/tex/latex//:/home/stinney/.texlive2025/texmf-config/tex///:/home/stinney/.texlive2025/texmf-var/tex///:/home/stinney/texmf/tex///:!!/usr/local/texlive/texmf-local/tex///:!!/usr/local/texlive/2025/texmf-config/tex///:!!/usr/local/texlive/2025/texmf-var/tex///:!!/usr/local/texlive/2025/texmf-dist/tex///:/home/oracc/lib/tex/:.:/home/oracc/lib/tex/:.
kdebug:  before expansion = :/home/oracc/lib/tex/:.:/home/oracc/lib/tex/:.
kdebug:  application override path = (none)
kdebug:  application config file path = (none)
kdebug:  texmf.cnf path = $TEXMFDOTDIR:$TEXMF/tex/{$progname,generic,latex,}//
kdebug:  compile-time path = /nonesuch
kdebug:  environment variables = TEXINPUTS
kdebug:  default suffixes = .tex
kdebug:  other suffixes = .sty .cls .fd .aux .bbl .def .clo .ldf
kdebug:  search only with suffix = 0
kdebug:  runtime generation program = mktextex
kdebug:  runtime generation command = mktextex
kdebug:  program enabled = 0
kdebug:  program enable level = 0
kdebug:  open files in binary mode = 0
kdebug:  numeric format value = 26
kdebug:fopen(./pepc.tex, r) => 0x4183c80
kdebug:fclose(0x4183c80) => 0
kdebug:Search path for fmt files (from TEXFORMATS environment variable)
kdebug:  = /home/oracc/lib/tex/:.
kdebug:  before expansion = /home/oracc/lib/tex/:.
kdebug:  application override path = (none)
kdebug:  application config file path = (none)
kdebug:  texmf.cnf path = $TEXMFDOTDIR:$TEXMF/web2c{/$engine,}
kdebug:  compile-time path = /nonesuch
kdebug:  environment variables = TEXFORMATS TEXMFINI
kdebug:  default suffixes = .fmt
kdebug:  other suffixes = (none)
kdebug:  search only with suffix = 0
kdebug:  runtime generation program = mktexfmt
kdebug:  runtime generation command = mktexfmt
kdebug:  program enabled = 1
kdebug:  program enable level = 1
kdebug:  open files in binary mode = 1
kdebug:  numeric format value = 10
kdebug:fopen(/home/oracc/lib/tex/oracctex.fmt, rb) => 0x4183c80
kdebug:fopen(pepc.tex, rb) => 0x418c770
kdebug:fopen(pepc.log, wb) => 0x4286090
kdebug:fopen(/home/oracc/lib/tex/html2tex.tex, rb) => 0x4288fb0
kdebug:Search path for afm files (from TEXFONTS environment variable)
kdebug:  = /home/oracc/lib/tex:/home/oracc/lib/tex/fonts:.
kdebug:  before expansion = /home/oracc/lib/tex:/home/oracc/lib/tex/fonts:.
kdebug:  application override path = (none)
kdebug:  application config file path = (none)
kdebug:  texmf.cnf path = $TEXMFDOTDIR:$TEXMF/fonts/afm//:$OSFONTDIR//
kdebug:  compile-time path = /nonesuch
kdebug:  environment variables = AFMFONTS TEXFONTS
kdebug:  default suffixes = .afm
kdebug:  other suffixes = (none)
kdebug:  search only with suffix = 0
kdebug:  runtime generation program = (none)
kdebug:  runtime generation command = (none)
kdebug:  program enabled = 0
kdebug:  program enable level = 0
kdebug:  open files in binary mode = 0
kdebug:  numeric format value = 4
kdebug:Search path for tfm files (from TEXFONTS environment variable)
kdebug:  = /home/oracc/lib/tex:/home/oracc/lib/tex/fonts:.
kdebug:  before expansion = /home/oracc/lib/tex:/home/oracc/lib/tex/fonts:.
kdebug:  application override path = (none)
kdebug:  application config file path = (none)
kdebug:  texmf.cnf path = $TEXMFDOTDIR:{$TEXMF/fonts,$VARTEXFONTS}/tfm//
kdebug:  compile-time path = /nonesuch
kdebug:  environment variables = TFMFONTS TEXFONTS
kdebug:  default suffixes = .tfm
kdebug:  other suffixes = (none)
kdebug:  search only with suffix = 1
kdebug:  runtime generation program = mktextfm
kdebug:  runtime generation command = mktextfm
kdebug:  program enabled = 1
kdebug:  program enable level = 1
kdebug:  open files in binary mode = 1
kdebug:  numeric format value = 3
kdebug:Search path for map files (from TEXFONTS environment variable)
kdebug:  = /home/oracc/lib/tex:/home/oracc/lib/tex/fonts:.
kdebug:  before expansion = /home/oracc/lib/tex:/home/oracc/lib/tex/fonts:.
kdebug:  application override path = (none)
kdebug:  application config file path = (none)
kdebug:  texmf.cnf path = $TEXMFDOTDIR:$TEXMF/fonts/map/{$progname,pdftex,dvips,}//
kdebug:  compile-time path = /nonesuch
kdebug:  environment variables = TEXFONTMAPS TEXFONTS
kdebug:  default suffixes = .map
kdebug:  other suffixes = (none)
kdebug:  search only with suffix = 0
kdebug:  runtime generation program = (none)
kdebug:  runtime generation command = (none)
kdebug:  program enabled = 0
kdebug:  program enable level = 0
kdebug:  open files in binary mode = 0
kdebug:  numeric format value = 11

kpathsea: Running mktextfm PC-all
/usr/local/texlive/2025/texmf-dist/web2c/mktexnam: Could not map source abbreviation  for PC-all.
/usr/local/texlive/2025/texmf-dist/web2c/mktexnam: Need to update ?
mktextfm: Running mf-nowin -progname=mf \mode:=ljfour; mag:=1; ; nonstopmode; input PC-all
This is METAFONT, Version 2.71828182 (TeX Live 2025) (preloaded base=mf)

kpathsea: Running mktexmf PC-all

! I can't find file `PC-all'.
<*> ...ljfour; mag:=1; ; nonstopmode; input PC-all
                                                  
Please type another input file name
! Emergency stop.
<*> ...ljfour; mag:=1; ; nonstopmode; input PC-all
                                                  
Transcript written on mfput.log.
grep: PC-all.log: No such file or directory
mktextfm: `mf-nowin -progname=mf \mode:=ljfour; mag:=1; ; nonstopmode; input PC-all' failed to make PC-all.tfm.
kdebug:fopen(missfont.log, ab) => 0x447b660
kpathsea: Appending font creation commands to missfont.log.

kpathsea: Running mktextfm PC25
/usr/local/texlive/2025/texmf-dist/web2c/mktexnam: Could not map source abbreviation  for PC25.
/usr/local/texlive/2025/texmf-dist/web2c/mktexnam: Need to update ?
mktextfm: Running mf-nowin -progname=mf \mode:=ljfour; mag:=1; ; nonstopmode; input PC25
This is METAFONT, Version 2.71828182 (TeX Live 2025) (preloaded base=mf)

kpathsea: Running mktexmf PC25

! I can't find file `PC25'.
<*> ...:=ljfour; mag:=1; ; nonstopmode; input PC25
                                                  
Please type another input file name
! Emergency stop.
<*> ...:=ljfour; mag:=1; ; nonstopmode; input PC25
                                                  
Transcript written on mfput.log.
grep: PC25.log: No such file or directory
mktextfm: `mf-nowin -progname=mf \mode:=ljfour; mag:=1; ; nonstopmode; input PC25' failed to make PC25.tfm.
kdebug:fclose(0x4288fb0) => 0
kdebug:fopen(st.tex, rb) => 0x4288fb0
kdebug:fclose(0x4288fb0) => 0
kdebug:fclose(0x418c770) => 0
kdebug:fclose(0x4286090) => 0
